<?xml version="1.0" encoding="UTF-8"?>
<testng-results ignored="1" total="2" passed="1" failed="0" skipped="0">
  <reporter-output>
  </reporter-output>
  <suite started-at="2024-05-21T09:19:48Z" name="Default suite" finished-at="2024-05-21T09:19:48Z" duration-ms="170">
    <groups>
    </groups>
    <test started-at="2024-05-21T09:19:48Z" name="Default test" finished-at="2024-05-21T09:19:48Z" duration-ms="170">
      <class name="OrgTest.CreateOrgTest">
        <test-method signature="modifyOrgTest()[pri:0, instance:OrgTest.CreateOrgTest@5be46f9d]" started-at="2024-05-21T09:19:48Z" name="modifyOrgTest" finished-at="2024-05-21T09:19:48Z" duration-ms="47" status="PASS">
          <reporter-output>
          </reporter-output>
        </test-method> <!-- modifyOrgTest -->
      </class> <!-- OrgTest.CreateOrgTest -->
    </test> <!-- Default test -->
  </suite> <!-- Default suite -->
</testng-results>
