<?xml version="1.0" encoding="UTF-8"?>
<!-- Generated by org.testng.reporters.JUnitXMLReporter -->
<testsuite ignored="1" hostname="DESKTOP-EKTU0VS" failures="0" tests="1" name="Default test" time="0.17" errors="0" timestamp="21 May 2024 09:19:48 GMT">
  <testcase classname="OrgTest.CreateOrgTest" name="modifyOrgTest" time="0.047"/>
  <testcase classname="OrgTest.CreateOrgTest" name="createOrgTest" time="0.0">
    <ignored/>
  </testcase> <!-- createOrgTest -->
</testsuite> <!-- Default test -->
